<?xml version="1.0" encoding="UTF-8"?>
<testsuite xmlns:xsi="http://www.w3.org/2001/XMLSchema-instance" xsi:noNamespaceSchemaLocation="https://maven.apache.org/surefire/maven-surefire-plugin/xsd/surefire-test-report-3.0.xsd" version="3.0" name="com.example.book.BackApplicationTests" time="5.77" tests="1" errors="0" skipped="0" failures="0">
  <properties>
[...]
</properties>
  <testcase name="contextLoads" classname="com.example.book.BackApplicationTests" time="0.753">
    <system-out><![CDATA[05:05:45.766 [main] INFO org.springframework.test.context.support.AnnotationConfigContextLoaderUtils -- Could not detect default configuration classes for test class [com.example.book.BackApplicationTests]: BackApplicationTests does not declare any static, non-private, non-final, nested classes annotated with @Configuration.
05:05:45.907 [main] INFO org.springframework.boot.test.context.SpringBootTestContextBootstrapper -- Found @SpringBootConfiguration com.example.book.BookBackendApplication for test class com.example.book.BackApplicationTests

  .   ____          _            __ _ _
 /\\ / ___'_ __ _ _(_)_ __  __ _ \ \ \ \
( ( )\___ | '_ | '_| | '_ \/ _` | \ \ \ \
 \\/  ___)| |_)| | | | | || (_| |  ) ) ) )
  '  |____| .__|_| |_|_| |_\__, | / / / /
 =========|_|==============|___/=/_/_/_/
 :: Spring Boot ::                (v3.1.4)

2025-12-26T05:05:46.503+08:00  INFO 19624 --- [           main] com.example.book.BackApplicationTests    : Starting BackApplicationTests using Java 22.0.2 with PID 19624 (started by asus in C:\Users\asus\Desktop\作业\JavaEE\期末作业备份 - 副本\backend\back)
2025-12-26T05:05:46.505+08:00  INFO 19624 --- [           main] com.example.book.BackApplicationTests    : No active profile set, falling back to 1 default profile: "default"
Logging initialized using 'class org.apache.ibatis.logging.stdout.StdOutImpl' adapter.
Using VFS adapter com.mybatisflex.spring.boot.SpringBootVFS
Checking to see if class com.mybatisflex.core.row.BatchArgsSetter matches criteria [is assignable to BaseMapper]
Checking to see if class com.mybatisflex.core.row.RowUtil matches criteria [is assignable to BaseMapper]
Checking to see if class com.mybatisflex.core.row.RowMapperInvoker matches criteria [is assignable to BaseMapper]
Checking to see if class com.mybatisflex.core.row.RowMapper matches criteria [is assignable to BaseMapper]
Checking to see if class com.mybatisflex.core.row.DbChain matches criteria [is assignable to BaseMapper]
Checking to see if class com.mybatisflex.core.row.Db matches criteria [is assignable to BaseMapper]
Checking to see if class com.mybatisflex.core.row.RowKey matches criteria [is assignable to BaseMapper]
Checking to see if class com.mybatisflex.core.row.Row matches criteria [is assignable to BaseMapper]
Checking to see if class com.mybatisflex.core.row.RowCPI matches criteria [is assignable to BaseMapper]
  __  __       _           _   _       _____ _           
 |  \/  |_   _| |__   __ _| |_(_)___  |  ___| | _____  __
 | |\/| | | | | '_ \ / _` | __| / __| | |_  | |/ _ \ \/ /
 | |  | | |_| | |_) | (_| | |_| \__ \ |  _| | |  __/>  < 
 |_|  |_|\__, |_.__/ \__,_|\__|_|___/ |_|   |_|\___/_/\_\
         |___/ v1.11.1 https://mybatis-flex.com
Checking to see if class com.example.book.mapper.AddressMapper matches criteria [is assignable to BaseMapper]
Checking to see if class com.example.book.mapper.BookMapper matches criteria [is assignable to BaseMapper]
Checking to see if class com.example.book.mapper.CartMapper matches criteria [is assignable to BaseMapper]
Checking to see if class com.example.book.mapper.CategoryMapper matches criteria [is assignable to BaseMapper]
Checking to see if class com.example.book.mapper.ChatMessageMapper matches criteria [is assignable to BaseMapper]
Checking to see if class com.example.book.mapper.CommentMapper matches criteria [is assignable to BaseMapper]
Checking to see if class com.example.book.mapper.FavoriteMapper matches criteria [is assignable to BaseMapper]
Checking to see if class com.example.book.mapper.FriendMapper matches criteria [is assignable to BaseMapper]
Checking to see if class com.example.book.mapper.FriendRequestMapper matches criteria [is assignable to BaseMapper]
Checking to see if class com.example.book.mapper.NotificationMapper matches criteria [is assignable to BaseMapper]
Checking to see if class com.example.book.mapper.OrderItemMapper matches criteria [is assignable to BaseMapper]
Checking to see if class com.example.book.mapper.OrderMapper matches criteria [is assignable to BaseMapper]
Checking to see if class com.example.book.mapper.PaymentMethodMapper matches criteria [is assignable to BaseMapper]
Checking to see if class com.example.book.mapper.RatingMapper matches criteria [is assignable to BaseMapper]
Checking to see if class com.example.book.mapper.ReadingHistoryMapper matches criteria [is assignable to BaseMapper]
Checking to see if class com.example.book.mapper.UserInfoMapper matches criteria [is assignable to BaseMapper]
Checking to see if class com.example.book.mapper.UserMapper matches criteria [is assignable to BaseMapper]
2025-12-26T05:05:48.895+08:00  INFO 19624 --- [           main] com.zaxxer.hikari.HikariDataSource       : HikariPool-1 - Starting...
2025-12-26T05:05:49.041+08:00  INFO 19624 --- [           main] com.zaxxer.hikari.pool.HikariPool        : HikariPool-1 - Added connection org.sqlite.jdbc4.JDBC4Connection@4665428b
2025-12-26T05:05:49.044+08:00  INFO 19624 --- [           main] com.zaxxer.hikari.HikariDataSource       : HikariPool-1 - Start completed.
2025-12-26T05:05:49.581+08:00  INFO 19624 --- [           main] o.s.s.web.DefaultSecurityFilterChain     : Will secure any request with [org.springframework.security.web.session.DisableEncodeUrlFilter@3a109ff7, org.springframework.security.web.context.request.async.WebAsyncManagerIntegrationFilter@111a7973, org.springframework.security.web.context.SecurityContextHolderFilter@409732fb, org.springframework.security.web.header.HeaderWriterFilter@25f0c5e7, org.springframework.web.filter.CorsFilter@1a2773a8, org.springframework.security.web.authentication.logout.LogoutFilter@1abcd059, com.example.book.config.JwtAuthenticationFilter@78b0ec3a, org.springframework.security.web.savedrequest.RequestCacheAwareFilter@5e99e2cb, org.springframework.security.web.servletapi.SecurityContextHolderAwareRequestFilter@720f56e2, org.springframework.security.web.authentication.AnonymousAuthenticationFilter@46612bfc, org.springframework.security.web.session.SessionManagementFilter@5002fde9, org.springframework.security.web.access.ExceptionTranslationFilter@23ad2d17, org.springframework.security.web.access.intercept.AuthorizationFilter@20216016]
2025-12-26T05:05:50.374+08:00  INFO 19624 --- [           main] com.example.book.BackApplicationTests    : Started BackApplicationTests in 4.315 seconds (process running for 5.391)
2025-12-26T05:05:50.377+08:00  INFO 19624 --- [           main] o.s.b.a.b.JobLauncherApplicationRunner   : Running default command line with: []
开始检查用户密码安全性...
Creating a new SqlSession
SqlSession [org.apache.ibatis.session.defaults.DefaultSqlSession@68b3248a] was not registered for synchronization because synchronization is not active
==>  Preparing: SELECT "id", "username", "password", "privilege" FROM "user"
==> Parameters: 
<==    Columns: id, username, password, privilege
<==        Row: 1, admin, $2a$10$ZwynMwZTo9Xg.b9cEtojg.QFGmtTDWz7vqLtq5tdfIdJD6RqCWuv2, 1
<==        Row: 2, user1, $2a$10$1D3k2TrVvg5Xx7kh3EnEROmpsmrjQR6v10JlV1ZzPPkDgeCDqSCWi, 0
<==        Row: 3, hyc, $2a$10$GdSbYw5FOfZtyxSLAZP/b.09/S4ZtnoLdao9qeWk0WfSFsNgb8jNa, 1
<==        Row: 4, llh, $2a$10$z/eLPXvxtvbI/dR7X6pt8eJXBwHPvahNL62uKKXQNdiqaERGnsKWq, 0
<==        Row: 5, test, $2a$10$//fpUZniW.GzVIz6SnWi6eChVbmhgqx21AHuqdr.a7CIXwSCcHvQ., 0
<==      Total: 5
Closing non transactional SqlSession [org.apache.ibatis.session.defaults.DefaultSqlSession@68b3248a]
所有用户密码均已加密，无需迁移。
]]></system-out>
    <system-err><![CDATA[WARNING: A Java agent has been loaded dynamically (C:\Users\asus\.m2\repository\net\bytebuddy\byte-buddy-agent\1.14.8\byte-buddy-agent-1.14.8.jar)
WARNING: If a serviceability tool is in use, please run with -XX:+EnableDynamicAgentLoading to hide this warning
WARNING: If a serviceability tool is not in use, please run with -Djdk.instrument.traceUsage for more information
WARNING: Dynamic loading of agents will be disallowed by default in a future release
]]></system-err>
  </testcase>
</testsuite>